{"C:\\Users\\Peek2\\Desktop\\FrontEnd-Interview-Data\\profile-card\\src\\api\\api.ts": {"path":"C:\\Users\\Peek2\\Desktop\\FrontEnd-Interview-Data\\profile-card\\src\\api\\api.ts","statementMap":{"0":{"start":{"line":4,"column":19},"end":{"line":4,"column":null}},"1":{"start":{"line":4,"column":8},"end":{"line":4,"column":null}},"2":{"start":{"line":5,"column":15},"end":{"line":5,"column":null}},"3":{"start":{"line":5,"column":8},"end":{"line":5,"column":null}},"4":{"start":{"line":6,"column":4},"end":{"line":6,"column":16}},"5":{"start":{"line":3,"column":0},"end":{"line":3,"column":22}}},"fnMap":{"0":{"name":"fetchData","decl":{"start":{"line":3,"column":22},"end":{"line":3,"column":31}},"loc":{"start":{"line":3,"column":54},"end":{"line":7,"column":null}}}},"branchMap":{"0":{"loc":{"start":{"line":4,"column":19},"end":{"line":4,"column":null}},"type":"switch","locations":[{"start":{"line":4,"column":19},"end":{"line":4,"column":null}}]}},"s":{"0":1,"1":1,"2":1,"3":1,"4":1,"5":1},"f":{"0":1},"b":{"0":[1]}}
,"C:\\Users\\Peek2\\Desktop\\FrontEnd-Interview-Data\\profile-card\\src\\components\\dashboard\\card\\Card.tsx": {"path":"C:\\Users\\Peek2\\Desktop\\FrontEnd-Interview-Data\\profile-card\\src\\components\\dashboard\\card\\Card.tsx","statementMap":{"0":{"start":{"line":1,"column":0},"end":{"line":1,"column":55}},"1":{"start":{"line":3,"column":0},"end":{"line":3,"column":38}},"2":{"start":{"line":5,"column":0},"end":{"line":5,"column":45}},"3":{"start":{"line":7,"column":0},"end":{"line":7,"column":null}},"4":{"start":{"line":11,"column":43},"end":{"line":40,"column":1}},"5":{"start":{"line":11,"column":54},"end":{"line":11,"column":56}},"6":{"start":{"line":12,"column":19},"end":{"line":12,"column":31}},"7":{"start":{"line":13,"column":43},"end":{"line":13,"column":86}},"8":{"start":{"line":13,"column":23},"end":{"line":13,"column":25}},"9":{"start":{"line":13,"column":39},"end":{"line":13,"column":43}},"10":{"start":{"line":14,"column":54},"end":{"line":14,"column":78}},"11":{"start":{"line":14,"column":28},"end":{"line":14,"column":30}},"12":{"start":{"line":14,"column":50},"end":{"line":14,"column":54}},"13":{"start":{"line":16,"column":4},"end":{"line":28,"column":11}},"14":{"start":{"line":17,"column":8},"end":{"line":20,"column":null}},"15":{"start":{"line":18,"column":12},"end":{"line":18,"column":45}},"16":{"start":{"line":19,"column":12},"end":{"line":19,"column":19}},"17":{"start":{"line":21,"column":8},"end":{"line":27,"column":15}},"18":{"start":{"line":23,"column":16},"end":{"line":23,"column":37}},"19":{"start":{"line":24,"column":16},"end":{"line":24,"column":47}},"20":{"start":{"line":26,"column":16},"end":{"line":26,"column":46}},"21":{"start":{"line":30,"column":21},"end":{"line":32,"column":5}},"22":{"start":{"line":31,"column":8},"end":{"line":31,"column":90}},"23":{"start":{"line":34,"column":4},"end":{"line":39,"column":null}},"24":{"start":{"line":42,"column":9},"end":{"line":42,"column":13}}},"fnMap":{"0":{"name":"(anonymous_0)","decl":{"start":{"line":11,"column":43},"end":{"line":11,"column":44}},"loc":{"start":{"line":11,"column":56},"end":{"line":40,"column":1}}},"1":{"name":"(anonymous_1)","decl":{"start":{"line":16,"column":14},"end":{"line":16,"column":null}},"loc":{"start":{"line":16,"column":14},"end":{"line":28,"column":5}}},"2":{"name":"(anonymous_2)","decl":{"start":{"line":22,"column":18},"end":{"line":22,"column":19}},"loc":{"start":{"line":22,"column":23},"end":{"line":25,"column":13}}},"3":{"name":"(anonymous_3)","decl":{"start":{"line":25,"column":21},"end":{"line":25,"column":22}},"loc":{"start":{"line":25,"column":25},"end":{"line":27,"column":13}}},"4":{"name":"(anonymous_4)","decl":{"start":{"line":30,"column":21},"end":{"line":30,"column":null}},"loc":{"start":{"line":30,"column":21},"end":{"line":32,"column":5}}}},"branchMap":{"0":{"loc":{"start":{"line":17,"column":8},"end":{"line":20,"column":null}},"type":"if","locations":[{"start":{"line":17,"column":8},"end":{"line":20,"column":null}}]},"1":{"loc":{"start":{"line":21,"column":18},"end":{"line":21,"column":32}},"type":"cond-expr","locations":[{"start":{"line":21,"column":20},"end":{"line":21,"column":22}},{"start":{"line":21,"column":18},"end":{"line":21,"column":32}}]},"2":{"loc":{"start":{"line":21,"column":18},"end":{"line":21,"column":22}},"type":"binary-expr","locations":[{"start":{"line":21,"column":18},"end":{"line":21,"column":22}},{"start":{"line":21,"column":18},"end":{"line":21,"column":22}}]},"3":{"loc":{"start":{"line":31,"column":16},"end":{"line":31,"column":88}},"type":"binary-expr","locations":[{"start":{"line":31,"column":16},"end":{"line":31,"column":51}},{"start":{"line":31,"column":55},"end":{"line":31,"column":88}}]},"4":{"loc":{"start":{"line":31,"column":16},"end":{"line":31,"column":34}},"type":"cond-expr","locations":[{"start":{"line":31,"column":24},"end":{"line":31,"column":26}},{"start":{"line":31,"column":16},"end":{"line":31,"column":34}}]},"5":{"loc":{"start":{"line":31,"column":16},"end":{"line":31,"column":26}},"type":"binary-expr","locations":[{"start":{"line":31,"column":16},"end":{"line":31,"column":26}},{"start":{"line":31,"column":16},"end":{"line":31,"column":26}}]},"6":{"loc":{"start":{"line":31,"column":55},"end":{"line":31,"column":73}},"type":"cond-expr","locations":[{"start":{"line":31,"column":63},"end":{"line":31,"column":65}},{"start":{"line":31,"column":55},"end":{"line":31,"column":73}}]},"7":{"loc":{"start":{"line":31,"column":55},"end":{"line":31,"column":65}},"type":"binary-expr","locations":[{"start":{"line":31,"column":55},"end":{"line":31,"column":65}},{"start":{"line":31,"column":55},"end":{"line":31,"column":65}}]},"8":{"loc":{"start":{"line":36,"column":13},"end":{"line":37,"column":76}},"type":"binary-expr","locations":[{"start":{"line":36,"column":13},"end":{"line":36,"column":30}},{"start":{"line":37,"column":16},"end":{"line":37,"column":76}}]}},"s":{"0":1,"1":1,"2":1,"3":1,"4":1,"5":2,"6":2,"7":2,"8":2,"9":2,"10":2,"11":2,"12":2,"13":2,"14":1,"15":0,"16":0,"17":1,"18":1,"19":1,"20":0,"21":2,"22":2,"23":2,"24":1},"f":{"0":2,"1":1,"2":1,"3":0,"4":2},"b":{"0":[0],"1":[1,0],"2":[1,1],"3":[2,0],"4":[0,2],"5":[2,2],"6":[0,0],"7":[0,0],"8":[2,1]}}
,"C:\\Users\\Peek2\\Desktop\\FrontEnd-Interview-Data\\profile-card\\src\\components\\dashboard\\card\\CardComponent.tsx": {"path":"C:\\Users\\Peek2\\Desktop\\FrontEnd-Interview-Data\\profile-card\\src\\components\\dashboard\\card\\CardComponent.tsx","statementMap":{"0":{"start":{"line":3,"column":0},"end":{"line":3,"column":43}},"1":{"start":{"line":5,"column":21},"end":{"line":5,"column":33}},"2":{"start":{"line":7,"column":47},"end":{"line":18,"column":1}},"3":{"start":{"line":7,"column":58},"end":{"line":7,"column":60}},"4":{"start":{"line":8,"column":25},"end":{"line":8,"column":102}},"5":{"start":{"line":10,"column":4},"end":{"line":17,"column":null}},"6":{"start":{"line":7,"column":13},"end":{"line":7,"column":47}},"7":{"start":{"line":20,"column":33},"end":{"line":23,"column":1}},"8":{"start":{"line":20,"column":39},"end":{"line":20,"column":41}},"9":{"start":{"line":20,"column":49},"end":{"line":20,"column":51}},"10":{"start":{"line":21,"column":25},"end":{"line":21,"column":118}},"11":{"start":{"line":22,"column":4},"end":{"line":22,"column":null}},"12":{"start":{"line":20,"column":13},"end":{"line":20,"column":33}},"13":{"start":{"line":25,"column":39},"end":{"line":35,"column":1}},"14":{"start":{"line":25,"column":50},"end":{"line":25,"column":52}},"15":{"start":{"line":25,"column":59},"end":{"line":25,"column":61}},"16":{"start":{"line":25,"column":69},"end":{"line":25,"column":71}},"17":{"start":{"line":26,"column":25},"end":{"line":26,"column":82}},"18":{"start":{"line":28,"column":4},"end":{"line":34,"column":null}},"19":{"start":{"line":25,"column":13},"end":{"line":25,"column":39}}},"fnMap":{"0":{"name":"(anonymous_2)","decl":{"start":{"line":7,"column":47},"end":{"line":7,"column":48}},"loc":{"start":{"line":7,"column":60},"end":{"line":18,"column":1}}},"1":{"name":"(anonymous_3)","decl":{"start":{"line":20,"column":33},"end":{"line":20,"column":34}},"loc":{"start":{"line":20,"column":51},"end":{"line":23,"column":1}}},"2":{"name":"(anonymous_4)","decl":{"start":{"line":25,"column":39},"end":{"line":25,"column":40}},"loc":{"start":{"line":25,"column":71},"end":{"line":35,"column":1}}}},"branchMap":{"0":{"loc":{"start":{"line":8,"column":25},"end":{"line":8,"column":102}},"type":"cond-expr","locations":[{"start":{"line":8,"column":57},"end":{"line":8,"column":79}},{"start":{"line":8,"column":82},"end":{"line":8,"column":102}}]},"1":{"loc":{"start":{"line":8,"column":26},"end":{"line":8,"column":44}},"type":"cond-expr","locations":[{"start":{"line":8,"column":34},"end":{"line":8,"column":36}},{"start":{"line":8,"column":26},"end":{"line":8,"column":44}}]},"2":{"loc":{"start":{"line":8,"column":26},"end":{"line":8,"column":36}},"type":"binary-expr","locations":[{"start":{"line":8,"column":26},"end":{"line":8,"column":36}},{"start":{"line":8,"column":26},"end":{"line":8,"column":36}}]},"3":{"loc":{"start":{"line":21,"column":25},"end":{"line":21,"column":118}},"type":"cond-expr","locations":[{"start":{"line":21,"column":57},"end":{"line":21,"column":87}},{"start":{"line":21,"column":90},"end":{"line":21,"column":118}}]},"4":{"loc":{"start":{"line":21,"column":26},"end":{"line":21,"column":44}},"type":"cond-expr","locations":[{"start":{"line":21,"column":34},"end":{"line":21,"column":36}},{"start":{"line":21,"column":26},"end":{"line":21,"column":44}}]},"5":{"loc":{"start":{"line":21,"column":26},"end":{"line":21,"column":36}},"type":"binary-expr","locations":[{"start":{"line":21,"column":26},"end":{"line":21,"column":36}},{"start":{"line":21,"column":26},"end":{"line":21,"column":36}}]},"6":{"loc":{"start":{"line":26,"column":25},"end":{"line":26,"column":82}},"type":"cond-expr","locations":[{"start":{"line":26,"column":57},"end":{"line":26,"column":69}},{"start":{"line":26,"column":72},"end":{"line":26,"column":82}}]},"7":{"loc":{"start":{"line":26,"column":26},"end":{"line":26,"column":44}},"type":"cond-expr","locations":[{"start":{"line":26,"column":34},"end":{"line":26,"column":36}},{"start":{"line":26,"column":26},"end":{"line":26,"column":44}}]},"8":{"loc":{"start":{"line":26,"column":26},"end":{"line":26,"column":36}},"type":"binary-expr","locations":[{"start":{"line":26,"column":26},"end":{"line":26,"column":36}},{"start":{"line":26,"column":26},"end":{"line":26,"column":36}}]}},"s":{"0":1,"1":1,"2":1,"3":1,"4":1,"5":1,"6":1,"7":1,"8":1,"9":1,"10":1,"11":1,"12":1,"13":1,"14":1,"15":1,"16":1,"17":1,"18":1,"19":1},"f":{"0":1,"1":1,"2":1},"b":{"0":[1,0],"1":[0,1],"2":[1,1],"3":[1,0],"4":[0,1],"5":[1,1],"6":[1,0],"7":[0,1],"8":[1,1]}}
,"C:\\Users\\Peek2\\Desktop\\FrontEnd-Interview-Data\\profile-card\\src\\components\\dashboard\\card\\CardType.tsx": {"path":"C:\\Users\\Peek2\\Desktop\\FrontEnd-Interview-Data\\profile-card\\src\\components\\dashboard\\card\\CardType.tsx","statementMap":{"0":{"start":{"line":2,"column":0},"end":{"line":2,"column":42}},"1":{"start":{"line":5,"column":47},"end":{"line":13,"column":1}},"2":{"start":{"line":5,"column":62},"end":{"line":5,"column":64}},"3":{"start":{"line":5,"column":72},"end":{"line":5,"column":74}},"4":{"start":{"line":6,"column":4},"end":{"line":12,"column":null}},"5":{"start":{"line":15,"column":9},"end":{"line":15,"column":17}}},"fnMap":{"0":{"name":"(anonymous_2)","decl":{"start":{"line":5,"column":47},"end":{"line":5,"column":48}},"loc":{"start":{"line":5,"column":74},"end":{"line":13,"column":1}}}},"branchMap":{"0":{"loc":{"start":{"line":8,"column":42},"end":{"line":8,"column":60}},"type":"cond-expr","locations":[{"start":{"line":8,"column":50},"end":{"line":8,"column":52}},{"start":{"line":8,"column":42},"end":{"line":8,"column":60}}]},"1":{"loc":{"start":{"line":8,"column":42},"end":{"line":8,"column":52}},"type":"binary-expr","locations":[{"start":{"line":8,"column":42},"end":{"line":8,"column":52}},{"start":{"line":8,"column":42},"end":{"line":8,"column":52}}]}},"s":{"0":1,"1":1,"2":1,"3":1,"4":1,"5":1},"f":{"0":1},"b":{"0":[0,1],"1":[1,1]}}
,"C:\\Users\\Peek2\\Desktop\\FrontEnd-Interview-Data\\profile-card\\src\\components\\dashboard\\card\\CreateCard.tsx": {"path":"C:\\Users\\Peek2\\Desktop\\FrontEnd-Interview-Data\\profile-card\\src\\components\\dashboard\\card\\CreateCard.tsx","statementMap":{"0":{"start":{"line":2,"column":0},"end":{"line":2,"column":39}},"1":{"start":{"line":4,"column":0},"end":{"line":4,"column":58}},"2":{"start":{"line":6,"column":47},"end":{"line":25,"column":1}},"3":{"start":{"line":6,"column":62},"end":{"line":6,"column":64}},"4":{"start":{"line":6,"column":72},"end":{"line":6,"column":74}},"5":{"start":{"line":7,"column":19},"end":{"line":7,"column":70}},"6":{"start":{"line":8,"column":18},"end":{"line":8,"column":59}},"7":{"start":{"line":9,"column":21},"end":{"line":9,"column":88}},"8":{"start":{"line":11,"column":4},"end":{"line":24,"column":null}},"9":{"start":{"line":6,"column":13},"end":{"line":6,"column":47}},"10":{"start":{"line":27,"column":21},"end":{"line":28,"column":9}},"11":{"start":{"line":28,"column":4},"end":{"line":31,"column":11}},"12":{"start":{"line":33,"column":20},"end":{"line":34,"column":null}},"13":{"start":{"line":34,"column":4},"end":{"line":37,"column":12}},"14":{"start":{"line":39,"column":33},"end":{"line":40,"column":null}},"15":{"start":{"line":40,"column":4},"end":{"line":43,"column":12}}},"fnMap":{"0":{"name":"(anonymous_2)","decl":{"start":{"line":6,"column":47},"end":{"line":6,"column":48}},"loc":{"start":{"line":6,"column":74},"end":{"line":25,"column":1}}},"1":{"name":"(anonymous_3)","decl":{"start":{"line":27,"column":21},"end":{"line":27,"column":22}},"loc":{"start":{"line":27,"column":51},"end":{"line":28,"column":9}}},"2":{"name":"(anonymous_4)","decl":{"start":{"line":33,"column":20},"end":{"line":33,"column":21}},"loc":{"start":{"line":33,"column":56},"end":{"line":34,"column":null}}},"3":{"name":"(anonymous_5)","decl":{"start":{"line":39,"column":33},"end":{"line":39,"column":34}},"loc":{"start":{"line":39,"column":69},"end":{"line":40,"column":null}}}},"branchMap":{"0":{"loc":{"start":{"line":7,"column":32},"end":{"line":7,"column":59}},"type":"cond-expr","locations":[{"start":{"line":7,"column":44},"end":{"line":7,"column":46}},{"start":{"line":7,"column":32},"end":{"line":7,"column":59}}]},"1":{"loc":{"start":{"line":7,"column":32},"end":{"line":7,"column":46}},"type":"binary-expr","locations":[{"start":{"line":7,"column":32},"end":{"line":7,"column":46}},{"start":{"line":7,"column":32},"end":{"line":7,"column":46}}]},"2":{"loc":{"start":{"line":8,"column":30},"end":{"line":8,"column":48}},"type":"cond-expr","locations":[{"start":{"line":8,"column":42},"end":{"line":8,"column":44}},{"start":{"line":8,"column":30},"end":{"line":8,"column":48}}]},"3":{"loc":{"start":{"line":8,"column":30},"end":{"line":8,"column":44}},"type":"binary-expr","locations":[{"start":{"line":8,"column":30},"end":{"line":8,"column":44}},{"start":{"line":8,"column":30},"end":{"line":8,"column":44}}]},"4":{"loc":{"start":{"line":9,"column":46},"end":{"line":9,"column":77}},"type":"cond-expr","locations":[{"start":{"line":9,"column":58},"end":{"line":9,"column":60}},{"start":{"line":9,"column":46},"end":{"line":9,"column":77}}]},"5":{"loc":{"start":{"line":9,"column":46},"end":{"line":9,"column":60}},"type":"binary-expr","locations":[{"start":{"line":9,"column":46},"end":{"line":9,"column":60}},{"start":{"line":9,"column":46},"end":{"line":9,"column":60}}]},"6":{"loc":{"start":{"line":12,"column":27},"end":{"line":12,"column":45}},"type":"cond-expr","locations":[{"start":{"line":12,"column":35},"end":{"line":12,"column":37}},{"start":{"line":12,"column":27},"end":{"line":12,"column":45}}]},"7":{"loc":{"start":{"line":12,"column":27},"end":{"line":12,"column":37}},"type":"binary-expr","locations":[{"start":{"line":12,"column":27},"end":{"line":12,"column":37}},{"start":{"line":12,"column":27},"end":{"line":12,"column":37}}]},"8":{"loc":{"start":{"line":17,"column":18},"end":{"line":17,"column":35}},"type":"cond-expr","locations":[{"start":{"line":17,"column":30},"end":{"line":17,"column":32}},{"start":{"line":17,"column":18},"end":{"line":17,"column":35}}]},"9":{"loc":{"start":{"line":17,"column":18},"end":{"line":17,"column":32}},"type":"binary-expr","locations":[{"start":{"line":17,"column":18},"end":{"line":17,"column":32}},{"start":{"line":17,"column":18},"end":{"line":17,"column":32}}]},"10":{"loc":{"start":{"line":19,"column":22},"end":{"line":19,"column":44}},"type":"cond-expr","locations":[{"start":{"line":19,"column":34},"end":{"line":19,"column":36}},{"start":{"line":19,"column":22},"end":{"line":19,"column":44}}]},"11":{"loc":{"start":{"line":19,"column":22},"end":{"line":19,"column":36}},"type":"binary-expr","locations":[{"start":{"line":19,"column":22},"end":{"line":19,"column":36}},{"start":{"line":19,"column":22},"end":{"line":19,"column":36}}]},"12":{"loc":{"start":{"line":20,"column":21},"end":{"line":20,"column":42}},"type":"cond-expr","locations":[{"start":{"line":20,"column":33},"end":{"line":20,"column":35}},{"start":{"line":20,"column":21},"end":{"line":20,"column":42}}]},"13":{"loc":{"start":{"line":20,"column":21},"end":{"line":20,"column":35}},"type":"binary-expr","locations":[{"start":{"line":20,"column":21},"end":{"line":20,"column":35}},{"start":{"line":20,"column":21},"end":{"line":20,"column":35}}]},"14":{"loc":{"start":{"line":29,"column":45},"end":{"line":29,"column":63}},"type":"cond-expr","locations":[{"start":{"line":29,"column":53},"end":{"line":29,"column":55}},{"start":{"line":29,"column":45},"end":{"line":29,"column":63}}]},"15":{"loc":{"start":{"line":29,"column":45},"end":{"line":29,"column":55}},"type":"binary-expr","locations":[{"start":{"line":29,"column":45},"end":{"line":29,"column":55}},{"start":{"line":29,"column":45},"end":{"line":29,"column":55}}]},"16":{"loc":{"start":{"line":30,"column":24},"end":{"line":30,"column":42}},"type":"cond-expr","locations":[{"start":{"line":30,"column":32},"end":{"line":30,"column":34}},{"start":{"line":30,"column":24},"end":{"line":30,"column":42}}]},"17":{"loc":{"start":{"line":30,"column":24},"end":{"line":30,"column":34}},"type":"binary-expr","locations":[{"start":{"line":30,"column":24},"end":{"line":30,"column":34}},{"start":{"line":30,"column":24},"end":{"line":30,"column":34}}]},"18":{"loc":{"start":{"line":35,"column":32},"end":{"line":35,"column":50}},"type":"cond-expr","locations":[{"start":{"line":35,"column":40},"end":{"line":35,"column":42}},{"start":{"line":35,"column":32},"end":{"line":35,"column":50}}]},"19":{"loc":{"start":{"line":35,"column":32},"end":{"line":35,"column":42}},"type":"binary-expr","locations":[{"start":{"line":35,"column":32},"end":{"line":35,"column":42}},{"start":{"line":35,"column":32},"end":{"line":35,"column":42}}]},"20":{"loc":{"start":{"line":41,"column":32},"end":{"line":41,"column":50}},"type":"cond-expr","locations":[{"start":{"line":41,"column":40},"end":{"line":41,"column":42}},{"start":{"line":41,"column":32},"end":{"line":41,"column":50}}]},"21":{"loc":{"start":{"line":41,"column":32},"end":{"line":41,"column":42}},"type":"binary-expr","locations":[{"start":{"line":41,"column":32},"end":{"line":41,"column":42}},{"start":{"line":41,"column":32},"end":{"line":41,"column":42}}]}},"s":{"0":1,"1":1,"2":1,"3":1,"4":1,"5":1,"6":1,"7":1,"8":1,"9":1,"10":1,"11":1,"12":1,"13":1,"14":1,"15":1},"f":{"0":1,"1":1,"2":1,"3":1},"b":{"0":[0,1],"1":[1,1],"2":[0,1],"3":[1,1],"4":[0,1],"5":[1,1],"6":[0,1],"7":[1,1],"8":[0,1],"9":[1,1],"10":[0,1],"11":[1,1],"12":[0,1],"13":[1,1],"14":[0,1],"15":[1,1],"16":[0,1],"17":[1,1],"18":[0,1],"19":[1,1],"20":[0,1],"21":[1,1]}}
}
