TN:
SF:src\api\api.ts
FN:3,fetchData
FNF:1
FNH:1
FNDA:1,fetchData
DA:3,1
DA:4,1
DA:5,1
DA:6,1
LF:4
LH:4
BRDA:4,0,0,1
BRF:1
BRH:1
end_of_record
TN:
SF:src\components\dashboard\card\Card.tsx
FN:11,(anonymous_0)
FN:16,(anonymous_1)
FN:22,(anonymous_2)
FN:25,(anonymous_3)
FN:30,(anonymous_4)
FNF:5
FNH:4
FNDA:2,(anonymous_0)
FNDA:1,(anonymous_1)
FNDA:1,(anonymous_2)
FNDA:0,(anonymous_3)
FNDA:2,(anonymous_4)
DA:1,1
DA:3,1
DA:5,1
DA:7,1
DA:11,2
DA:12,2
DA:13,2
DA:14,2
DA:16,2
DA:17,1
DA:18,0
DA:19,0
DA:21,1
DA:23,1
DA:24,1
DA:26,0
DA:30,2
DA:31,2
DA:34,2
DA:42,1
LF:20
LH:17
BRDA:17,0,0,0
BRDA:21,1,0,1
BRDA:21,1,1,0
BRDA:21,2,0,1
BRDA:21,2,1,1
BRDA:31,3,0,2
BRDA:31,3,1,0
BRDA:31,4,0,0
BRDA:31,4,1,2
BRDA:31,5,0,2
BRDA:31,5,1,2
BRDA:31,6,0,0
BRDA:31,6,1,0
BRDA:31,7,0,0
BRDA:31,7,1,0
BRDA:36,8,0,2
BRDA:36,8,1,1
BRF:17
BRH:9
end_of_record
TN:
SF:src\components\dashboard\card\CardComponent.tsx
FN:7,(anonymous_2)
FN:20,(anonymous_3)
FN:25,(anonymous_4)
FNF:3
FNH:3
FNDA:1,(anonymous_2)
FNDA:1,(anonymous_3)
FNDA:1,(anonymous_4)
DA:3,1
DA:5,1
DA:7,1
DA:8,1
DA:10,1
DA:20,1
DA:21,1
DA:22,1
DA:25,1
DA:26,1
DA:28,1
LF:11
LH:11
BRDA:8,0,0,1
BRDA:8,0,1,0
BRDA:8,1,0,0
BRDA:8,1,1,1
BRDA:8,2,0,1
BRDA:8,2,1,1
BRDA:21,3,0,1
BRDA:21,3,1,0
BRDA:21,4,0,0
BRDA:21,4,1,1
BRDA:21,5,0,1
BRDA:21,5,1,1
BRDA:26,6,0,1
BRDA:26,6,1,0
BRDA:26,7,0,0
BRDA:26,7,1,1
BRDA:26,8,0,1
BRDA:26,8,1,1
BRF:18
BRH:12
end_of_record
TN:
SF:src\components\dashboard\card\CardType.tsx
FN:5,(anonymous_2)
FNF:1
FNH:1
FNDA:1,(anonymous_2)
DA:2,1
DA:5,1
DA:6,1
DA:15,1
LF:4
LH:4
BRDA:8,0,0,0
BRDA:8,0,1,1
BRDA:8,1,0,1
BRDA:8,1,1,1
BRF:4
BRH:3
end_of_record
TN:
SF:src\components\dashboard\card\CreateCard.tsx
FN:6,(anonymous_2)
FN:27,(anonymous_3)
FN:33,(anonymous_4)
FN:39,(anonymous_5)
FNF:4
FNH:4
FNDA:1,(anonymous_2)
FNDA:1,(anonymous_3)
FNDA:1,(anonymous_4)
FNDA:1,(anonymous_5)
DA:2,1
DA:4,1
DA:6,1
DA:7,1
DA:8,1
DA:9,1
DA:11,1
DA:27,1
DA:28,1
DA:33,1
DA:34,1
DA:39,1
DA:40,1
LF:13
LH:13
BRDA:7,0,0,0
BRDA:7,0,1,1
BRDA:7,1,0,1
BRDA:7,1,1,1
BRDA:8,2,0,0
BRDA:8,2,1,1
BRDA:8,3,0,1
BRDA:8,3,1,1
BRDA:9,4,0,0
BRDA:9,4,1,1
BRDA:9,5,0,1
BRDA:9,5,1,1
BRDA:12,6,0,0
BRDA:12,6,1,1
BRDA:12,7,0,1
BRDA:12,7,1,1
BRDA:17,8,0,0
BRDA:17,8,1,1
BRDA:17,9,0,1
BRDA:17,9,1,1
BRDA:19,10,0,0
BRDA:19,10,1,1
BRDA:19,11,0,1
BRDA:19,11,1,1
BRDA:20,12,0,0
BRDA:20,12,1,1
BRDA:20,13,0,1
BRDA:20,13,1,1
BRDA:29,14,0,0
BRDA:29,14,1,1
BRDA:29,15,0,1
BRDA:29,15,1,1
BRDA:30,16,0,0
BRDA:30,16,1,1
BRDA:30,17,0,1
BRDA:30,17,1,1
BRDA:35,18,0,0
BRDA:35,18,1,1
BRDA:35,19,0,1
BRDA:35,19,1,1
BRDA:41,20,0,0
BRDA:41,20,1,1
BRDA:41,21,0,1
BRDA:41,21,1,1
BRF:44
BRH:33
end_of_record
